EN2002b_s1     EN2002b     4.39     601.3108
EN2002b_s2     EN2002b     601.648     1786.848
EN2002d_s1     EN2002d     20.639     612.119
EN2002d_s2     EN2002d     611.699     1203.181
EN2002d_s3     EN2002d     1200.176     2208.224
ES2004a_s1     ES2004a     0     1049.2058
ES2004b_s1     ES2004b     0     597.5012
ES2004b_s2     ES2004b     602.368     1200.803
ES2004b_s3     ES2004b     1200.72     2342.2105
ES2004c_s1     ES2004c     0     608.597
ES2004c_s2     ES2004c     608.416     1219.61
ES2004c_s3     ES2004c     1202.784     2331.8243
ES2004d_s1     ES2004d     3.434     609.12
ES2004d_s2     ES2004d     600.557     1202.9445
ES2004d_s3     ES2004d     1202.855     2222.288
ES2014a_s1     ES2014a     71.376     1148.999
ES2014b_s1     ES2014b     57.098     603.1225
ES2014b_s2     ES2014b     601.17     1232.464
ES2014b_s3     ES2014b     1232.889     2318.2874
ES2014c_s1     ES2014c     90.975     598.8487
ES2014c_s2     ES2014c     601.6     1206.239
ES2014c_s3     ES2014c     1204.64     2273.52
ES2014d_s1     ES2014d     0     599.2803
ES2014d_s2     ES2014d     600.887     1214.725
ES2014d_s3     ES2014d     1214.752     1807.323
ES2014d_s4     ES2014d     1803.776     2911.36
IS1009a_s1     IS1009a     54.928     805.7759
IS1009b_s1     IS1009b     37.037     601.3449
IS1009b_s2     IS1009b     602.052     1199.7603
IS1009b_s3     IS1009b     1200.384     2027.2419
IS1009c_s1     IS1009c     37.649     599.226
IS1009c_s2     IS1009c     601.632     1789.328
IS1009d_s1     IS1009d     39.135     609.215
IS1009d_s2     IS1009d     604.128     1243.573
IS1009d_s3     IS1009d     1220.691     1926.0939
TS3003a_s1     TS3003a     13.32     607.44
TS3003a_s2     TS3003a     612.147     1476.4803
TS3003b_s1     TS3003b     56.762     609.639
TS3003b_s2     TS3003b     611.447     1208.673
TS3003b_s3     TS3003b     1201.721     2166.785
TS3003c_s1     TS3003c     21.033     609.727
TS3003c_s2     TS3003c     609.728     1210.166
TS3003c_s3     TS3003c     1210.542     2280.6702
TS3003d_s1     TS3003d     11.719     603.3618
TS3003d_s2     TS3003d     604.336     1203.243
TS3003d_s3     TS3003d     1214.896     1802.6385
TS3003d_s4     TS3003d     1800.863     2591.8886
TS3007a_s1     TS3007a     13.92     600.3659
TS3007a_s2     TS3007a     609.68     1570.4302
TS3007b_s1     TS3007b     2.062     599.9199
TS3007b_s2     TS3007b     600.304     1207.001
TS3007b_s3     TS3007b     1200.432     1811.129
TS3007b_s4     TS3007b     1802.4     2570.2566
TS3007c_s1     TS3007c     3.31     602.9286
TS3007c_s2     TS3007c     603.55     1217.005
TS3007c_s3     TS3007c     1206.294     1812.328
TS3007c_s4     TS3007c     1807.41     2418.8807
TS3007d_s1     TS3007d     99.5     600.0917
TS3007d_s2     TS3007d     600.16     1206.5803
TS3007d_s3     TS3007d     1202.113     1801.5128
TS3007d_s4     TS3007d     1806.94     2758.5505
