EN2001a_s1     EN2001a     3.168     627.528
EN2001a_s2     EN2001a     605.088     1201.799
EN2001a_s3     EN2001a     1203.936     1816.43
EN2001a_s4     EN2001a     1812.45     2402.2256
EN2001a_s5     EN2001a     2400.937     3000.7195
EN2001a_s6     EN2001a     3000.928     3602.869
EN2001a_s7     EN2001a     3602.322     4202.4018
EN2001a_s8     EN2001a     4201.984     5132.6699
EN2001b_s1     EN2001b     2.977     600.194
EN2001b_s2     EN2001b     601.472     1209.933
EN2001b_s3     EN2001b     1210.805     1809.405
EN2001b_s4     EN2001b     1806.155     2402.3824
EN2001b_s5     EN2001b     2404.272     3442.0879
EN2001d_s2     EN2001d     602.016     1201.9579
EN2001d_s3     EN2001d     1201.664     1801.1345
EN2001d_s4     EN2001d     1800.28     2400.268
EN2001d_s5     EN2001d     2400.056     3369.6654
EN2001e_s1     EN2001e     0     603.199
EN2001e_s2     EN2001e     604.448     1204.768
EN2001e_s3     EN2001e     1204.448     1806.561
EN2001e_s4     EN2001e     1803.374     2406.762
EN2001e_s5     EN2001e     2402.088     3005.524
EN2001e_s6     EN2001e     3007.557     3963.6128
EN2004a_s1     EN2004a     0     596.149
EN2004a_s2     EN2004a     609.881     1200.6564
EN2004a_s3     EN2004a     1203.056     1800.4479
EN2004a_s4     EN2004a     1802.178     2408.7006
EN2004a_s5     EN2004a     2401.467     3445.6639
EN2005a_s1     EN2005a     0     610.158
EN2005a_s2     EN2005a     603.988     1209.593
EN2005a_s3     EN2005a     1202.496     1806.266
EN2005a_s4     EN2005a     1804.514     2413.878
EN2005a_s5     EN2005a     2416.518     3007.3862
EN2005a_s6     EN2005a     3010.268     3610.578
EN2005a_s7     EN2005a     3602.462     4204.473
EN2005a_s8     EN2005a     4205.278     5297.998
EN2006a_s1     EN2006a     8.275     600.401
EN2006a_s2     EN2006a     601.552     1199.2669
EN2006a_s3     EN2006a     1204.371     1802.9762
EN2006a_s4     EN2006a     1803.008     2397.5234
EN2006a_s5     EN2006a     2401.024     3521.702
EN2006b_s1     EN2006b     5.015     609.5729
EN2006b_s2     EN2006b     603.6     1202.1883
EN2006b_s3     EN2006b     1200.944     1800.4259
EN2006b_s4     EN2006b     1801.76     2990.1898
EN2009b_s1     EN2009b     0     628.696
EN2009b_s2     EN2009b     617.583     1217.041
EN2009b_s3     EN2009b     1205.631     2230.672
EN2009c_s1     EN2009c     0     600.8197
EN2009c_s2     EN2009c     600.88     1209.553
EN2009c_s3     EN2009c     1208.843     1800.988
EN2009c_s4     EN2009c     1801.408     2953.6638
ES2002a_s1     ES2002a     50.163     1110.2432
ES2002b_s1     ES2002b     14.427     617.398
ES2002b_s2     ES2002b     612.491     1201.2053
ES2002b_s3     ES2002b     1200.073     2166.1353
ES2002c_s1     ES2002c     0     598.8323
ES2002c_s2     ES2002c     640.704     1222.287
ES2002c_s3     ES2002c     1203.52     1802.458
ES2002c_s4     ES2002c     1801.813     2406.239
ES2002d_s1     ES2002d     2.41     605.508
ES2002d_s2     ES2002d     601.34     1202.0197
ES2002d_s3     ES2002d     1202.02     2400.8605
ES2005b_s1     ES2005b     0.528     602.0795
ES2005b_s2     ES2005b     602.48     1202.316
ES2005b_s3     ES2005b     1203.344     2305.8232
ES2005c_s1     ES2005c     32.176     611.022
ES2005c_s2     ES2005c     607.984     1208.656
ES2005c_s3     ES2005c     1206.304     2295.904
ES2005d_s1     ES2005d     41.216     604.5933
ES2005d_s2     ES2005d     605.744     1664.9777
ES2006a_s1     ES2006a     0     618.852
ES2006a_s2     ES2006a     603.443     1282.2071
ES2006b_s1     ES2006b     11.76     603.5839
ES2006b_s2     ES2006b     601.536     1217.42
ES2006b_s3     ES2006b     1203.578     2179.9044
ES2006c_s1     ES2006c     2.343     597.1792
ES2006c_s2     ES2006c     619.885     1218.771
ES2006c_s3     ES2006c     1203.184     2181.6795
ES2006d_s1     ES2006d     0     605.079
ES2006d_s2     ES2006d     602.784     1202.4588
ES2006d_s3     ES2006d     1201.952     1967.4401
ES2007a_s1     ES2007a     7.118     601.8919
ES2007a_s2     ES2007a     605.881     1206.304
ES2007b_s1     ES2007b     0     602.151
ES2007b_s2     ES2007b     602.08     1682.9293
ES2007c_s1     ES2007c     5.211     601.4688
ES2007c_s2     ES2007c     601.68     1200.1314
ES2007c_s3     ES2007c     1201.872     2377.408
ES2007d_s1     ES2007d     0     599.9837
ES2007d_s2     ES2007d     600.544     1247.872
ES2008a_s1     ES2008a     10.462     1041.5592
ES2008b_s1     ES2008b     49.68     603.018
ES2008b_s2     ES2008b     605.088     1197.3327
ES2008b_s3     ES2008b     1203.056     2229.4379
ES2008c_s1     ES2008c     37.722     601.126
ES2008c_s2     ES2008c     601.828     1210.063
ES2008c_s3     ES2008c     1200.51     2098.312
ES2008d_s1     ES2008d     36.153     599.7548
ES2008d_s2     ES2008d     601.344     1203.7746
ES2008d_s3     ES2008d     1202.64     1809.684
ES2008d_s4     ES2008d     1803.84     2622.7157
ES2009a_s1     ES2009a     0     603.6462
ES2009a_s2     ES2009a     602.708     1398.7681
ES2009b_s1     ES2009b     2.547     605.83
ES2009b_s2     ES2009b     606.976     1429.7824
ES2009c_s1     ES2009c     5.36     601.9834
ES2009c_s2     ES2009c     602.24     1205.1512
ES2009c_s3     ES2009c     1205.584     1953.12
ES2009d_s1     ES2009d     13.479     618.936
ES2009d_s2     ES2009d     600.912     1201.0566
ES2009d_s3     ES2009d     1200.581     2114.944
ES2010a_s1     ES2010a     19.123     641.1567
ES2010b_s1     ES2010b     85.28     608.449
ES2010b_s2     ES2010b     608.453     1751.9681
ES2010c_s1     ES2010c     33.282     617.044
ES2010c_s2     ES2010c     617.057     1207.3336
ES2010c_s3     ES2010c     1205.968     1832.5899
ES2010d_s1     ES2010d     7.995     969.216
ES2012a_s1     ES2012a     18.72     1102.2198
ES2012b_s1     ES2012b     37.296     604.566
ES2012b_s2     ES2012b     606.448     1206.8935
ES2012b_s3     ES2012b     1201.345     2237.0598
ES2012c_s1     ES2012c     12.128     603.731
ES2012c_s2     ES2012c     601.241     1200.0541
ES2012c_s3     ES2012c     1203.76     2205.3766
ES2012d_s1     ES2012d     4.661     948.1274
ES2013a_s1     ES2013a     22.483     822.44
ES2013b_s1     ES2013b     3.77     606.146
ES2013b_s2     ES2013b     603.84     1202.865
ES2013b_s3     ES2013b     1207.168     2125.3124
ES2013c_s1     ES2013c     54.448     609.568
ES2013c_s2     ES2013c     604.144     1213.27
ES2013c_s3     ES2013c     1205.44     2358.1117
ES2013d_s1     ES2013d     8.352     603.28
ES2013d_s2     ES2013d     605.152     1203.1905
ES2013d_s3     ES2013d     1200.08     1898.559
ES2015a_s1     ES2015a     62.48     1141.4554
ES2015b_s1     ES2015b     23.894     629.839
ES2015b_s2     ES2015b     627.79     1199.4568
ES2015b_s3     ES2015b     1200.528     2290.9375
ES2015c_s1     ES2015c     38.631     605.5845
ES2015c_s2     ES2015c     606.196     1231.682
ES2015c_s3     ES2015c     1225.497     2135.89
ES2015d_s1     ES2015d     58.464     596.7861
ES2015d_s2     ES2015d     601.748     1203.5033
ES2015d_s3     ES2015d     1200.073     1930.8968
ES2016a_s1     ES2016a     10.449     603.841
ES2016a_s2     ES2016a     604.352     1381.76
ES2016b_s1     ES2016b     15.351     592.3341
ES2016b_s2     ES2016b     600.995     1200.4646
ES2016b_s3     ES2016b     1200.336     1810.894
ES2016b_s4     ES2016b     1818.126     2406.231
ES2016c_s1     ES2016c     15.401     602.0018
ES2016c_s2     ES2016c     602.208     1204.604
ES2016c_s3     ES2016c     1205.958     2305.2974
ES2016d_s1     ES2016d     7.834     604.9766
ES2016d_s2     ES2016d     604.144     1516.7559
IN1001_s1     IN1001     32.917     621.495
IN1001_s2     IN1001     601.756     1228.375
IN1001_s3     IN1001     1202.988     1844.904
IN1001_s4     IN1001     1800.496     2422.753
IN1001_s5     IN1001     2410.232     3443.1605
IN1002_s1     IN1002     36.355     606.032
IN1002_s2     IN1002     603.548     1201.3555
IN1002_s3     IN1002     1200.204     1802.906
IN1002_s4     IN1002     1802.891     2454.7115
IN1005_s1     IN1005     32.853     609.047
IN1005_s2     IN1005     609.632     1208.58
IN1005_s3     IN1005     1207.65     1822.008
IN1005_s4     IN1005     1804.606     2769.3331
IN1007_s1     IN1007     4.959     635.289
IN1007_s2     IN1007     602.74     1214.043
IN1007_s3     IN1007     1201.408     2375.3798
IN1008_s1     IN1008     42.922     624.464
IN1008_s2     IN1008     612.153     1206.358
IN1008_s3     IN1008     1205.108     1801.5304
IN1008_s4     IN1008     1800.069     2404.0372
IN1008_s5     IN1008     2401.239     3388.4102
IN1009_s1     IN1009     32.736     600.833
IN1009_s2     IN1009     600.928     1200.857
IN1012_s1     IN1012     21.663     601.9732
IN1012_s2     IN1012     600.152     1215.583
IN1012_s3     IN1012     1202.758     1820.439
IN1012_s4     IN1012     1804.557     2403.838
IN1012_s5     IN1012     2401.603     3073.192
IN1013_s1     IN1013     30.703     627.095
IN1013_s2     IN1013     600.537     1216.449
IN1013_s3     IN1013     1201.779     1833.58
IN1013_s4     IN1013     1807.877     2424.101
IN1013_s5     IN1013     2407.182     3066.424
IN1014_s1     IN1014     26.276     620.234
IN1014_s2     IN1014     605.394     1204.4344
IN1014_s3     IN1014     1202.196     1812.523
IN1014_s4     IN1014     1816.445     2405.749
IN1014_s5     IN1014     2403.177     3004.7559
IN1014_s6     IN1014     3005.499     3686.5421
IN1016_s1     IN1016     39.6     617.041
IN1016_s2     IN1016     600.113     1212.196
IN1016_s3     IN1016     1202.442     1803.025
IN1016_s4     IN1016     1803.032     2429.008
IN1016_s5     IN1016     2404.883     3555.2901
IS1000a_s1     IS1000a     37.136     600.8945
IS1000a_s2     IS1000a     602.8     1514.7261
IS1000b_s1     IS1000b     200.768     600.5934
IS1000b_s2     IS1000b     600.322     1203.0408
IS1000b_s3     IS1000b     1200.457     2309.6654
IS1000c_s1     IS1000c     12.587     603.3383
IS1000c_s2     IS1000c     600.676     1201.614
IS1000c_s3     IS1000c     1201.616     2097.1518
IS1000d_s1     IS1000d     6.848     614.736
IS1000d_s2     IS1000d     601.648     1202.8623
IS1000d_s3     IS1000d     1202.144     1812.155
IS1000d_s4     IS1000d     1802.736     2571.5519
IS1001a_s1     IS1001a     3.482     902.9384
IS1001b_s1     IS1001b     11.356     601.1195
IS1001b_s2     IS1001b     601.68     1205.6458
IS1001b_s3     IS1001b     1206.448     2110.7858
IS1001c_s1     IS1001c     31.057     606.1198
IS1001c_s2     IS1001c     601.12     1426.0001
IS1001d_s1     IS1001d     5.326     752.0001
IS1002b_s1     IS1002b     90.904     603.9369
IS1002b_s2     IS1002b     605.36     1202.0301
IS1002b_s3     IS1002b     1203.2     2338.9753
IS1002c_s1     IS1002c     6.711     611.985
IS1002c_s2     IS1002c     613.088     1202.5779
IS1002c_s3     IS1002c     1200.152     2056.7916
IS1002d_s1     IS1002d     3.4     645.506
IS1002d_s2     IS1002d     645.2     1250.5958
IS1003a_s1     IS1003a     74.956     820.096
IS1003c_s1     IS1003c     43.28     601.4677
IS1003c_s2     IS1003c     601.216     1198.1423
IS1003c_s3     IS1003c     1200.656     1836.6483
IS1003d_s1     IS1003d     20.203     601.4527
IS1003d_s2     IS1003d     600.742     1200.9187
IS1003d_s3     IS1003d     1200.56     2086.1604
IS1004a_s1     IS1004a     35.76     766.9339
IS1004b_s1     IS1004b     40.435     604.0966
IS1004b_s2     IS1004b     601.636     1215.007
IS1004b_s3     IS1004b     1216.08     2143.0521
IS1004c_s1     IS1004c     31.378     609.8362
IS1004c_s2     IS1004c     600.48     1200.5133
IS1004c_s3     IS1004c     1203.152     2250.7344
IS1004d_s1     IS1004d     2.735     600.9437
IS1004d_s2     IS1004d     600.544     1202.2568
IS1004d_s3     IS1004d     1200.445     1936.0451
IS1005a_s1     IS1005a     27.888     987.8558
IS1005b_s1     IS1005b     17.12     613.72
IS1005b_s2     IS1005b     613.716     1219.195
IS1005b_s3     IS1005b     1219.184     2152.8618
IS1005c_s1     IS1005c     38.32     606.004
IS1005c_s2     IS1005c     607.952     1252.266
IS1005c_s3     IS1005c     1200.57     2006.928
IS1006a_s1     IS1006a     19.527     820.6076
IS1006b_s1     IS1006b     25.567     605.39
IS1006b_s2     IS1006b     601.694     1201.29
IS1006b_s3     IS1006b     1200.784     2136.3841
IS1006c_s1     IS1006c     23.762     599.2639
IS1006c_s2     IS1006c     600.043     1205.603
IS1006c_s3     IS1006c     1206.656     1921.4059
IS1006d_s1     IS1006d     30.691     599.984
IS1006d_s2     IS1006d     602.066     1199.7125
IS1006d_s3     IS1006d     1200.768     1810.0804
IS1007a_s1     IS1007a     42.239     921.9637
IS1007b_s1     IS1007b     37.309     641.183
IS1007b_s2     IS1007b     604.691     1262.4328
IS1007c_s1     IS1007c     52.177     598.1474
IS1007c_s2     IS1007c     601.072     1206.6251
IS1007c_s3     IS1007c     1203.792     2067.216
TS3005a_s1     TS3005a     16.88     600.4005
TS3005a_s2     TS3005a     603.568     1276.2608
TS3005b_s1     TS3005b     13.728     599.1844
TS3005b_s2     TS3005b     600.608     1203.2646
TS3005b_s3     TS3005b     1200.48     1801.9153
TS3005b_s4     TS3005b     1802.768     2405.392
TS3005c_s1     TS3005c     209.68     602.8249
TS3005c_s2     TS3005c     602.256     1205.517
TS3005c_s3     TS3005c     1200.176     2369.8871
TS3005d_s1     TS3005d     1.352     600.7417
TS3005d_s2     TS3005d     600.705     1205.0016
TS3005d_s3     TS3005d     1203.45     1800.5265
TS3005d_s4     TS3005d     1801.048     2655.9765
TS3008a_s1     TS3008a     19.232     603.514
TS3008a_s2     TS3008a     604.528     1338.1916
TS3008b_s1     TS3008b     6.56     603.776
TS3008b_s2     TS3008b     604.391     1208.437
TS3008b_s3     TS3008b     1205.073     2301.9417
TS3008c_s1     TS3008c     94.662     602.6447
TS3008c_s2     TS3008c     603.958     1200.6304
TS3008c_s3     TS3008c     1201.574     2329.4938
TS3008d_s1     TS3008d     75.462     609.802
TS3008d_s2     TS3008d     605.156     1216.951
TS3008d_s3     TS3008d     1201.911     1804.2955
TS3008d_s4     TS3008d     1801.372     2767.0905
TS3009a_s1     TS3009a     4.03     619.707
TS3009a_s2     TS3009a     600.827     1499.6405
TS3009b_s1     TS3009b     61.445     601.393
TS3009b_s2     TS3009b     601.824     1209.919
TS3009b_s3     TS3009b     1205.265     1802.5744
TS3009b_s4     TS3009b     1801.465     2450.645
TS3009d_s1     TS3009d     33.6     600.5101
TS3009d_s2     TS3009d     600.784     1209.977
TS3009d_s3     TS3009d     1210.152     2056.1912
TS3010a_s1     TS3010a     40.744     945.0996
TS3010b_s1     TS3010b     107.146     604.6232
TS3010b_s2     TS3010b     603.904     1208.165
TS3010b_s3     TS3010b     1210.112     1957.9358
TS3010c_s1     TS3010c     47.328     607.049
TS3010c_s2     TS3010c     608.576     1203.0085
TS3010c_s3     TS3010c     1202.928     2051.7263
TS3010d_s1     TS3010d     8.568     603.7492
TS3010d_s2     TS3010d     603.668     1781.5721
TS3011a_s1     TS3011a     10.608     579.2464
TS3011a_s2     TS3011a     603.786     1488.4391
TS3011b_s1     TS3011b     7.449     602.764
TS3011b_s2     TS3011b     602.769     1216.776
TS3011b_s3     TS3011b     1206.058     2181.4051
TS3011c_s1     TS3011c     1.646     613.747
TS3011c_s2     TS3011c     601.72     1206.166
TS3011c_s3     TS3011c     1202.483     2316.4317
TS3011d_s1     TS3011d     235.664     601.9517
TS3011d_s2     TS3011d     601.952     1211.386
TS3011d_s3     TS3011d     1205.76     2157.4083
TS3012a_s1     TS3012a     2.087     851.848
TS3012b_s1     TS3012b     1.28     630.316
TS3012b_s2     TS3012b     605.126     1204.779
TS3012b_s3     TS3012b     1202.018     1807.722
TS3012b_s4     TS3012b     1800.397     2456.704
TS3012c_s1     TS3012c     4.544     609.245
TS3012c_s2     TS3012c     601.664     1202.2938
TS3012c_s3     TS3012c     1201.88     2376.4632
TS3012d_s1     TS3012d     12.37     602.503
TS3012d_s2     TS3012d     603.576     1200.9954
TS3012d_s3     TS3012d     1201.21     2324.483
